0 info it worked if it ends with ok
1 verbose cli [ 'C:\\Program Files (x86)\\nodejs\\node.exe',
1 verbose cli   'C:\\Users\\310172618\\AppData\\Roaming\\npm\\node_modules\\npm\\bin\\npm-cli.js',
1 verbose cli   'install',
1 verbose cli   'bcrypt' ]
2 info using npm@3.10.6
3 info using node@v6.4.0
4 silly loadCurrentTree Starting
5 silly install loadCurrentTree
6 silly install readLocalPackageData
7 silly fetchPackageMetaData bcrypt
8 silly fetchNamedPackageData bcrypt
9 silly mapToRegistry name bcrypt
10 silly mapToRegistry using default registry
11 silly mapToRegistry registry https://registry.npmjs.org/
12 silly mapToRegistry data Result {
12 silly mapToRegistry   raw: 'bcrypt',
12 silly mapToRegistry   scope: null,
12 silly mapToRegistry   escapedName: 'bcrypt',
12 silly mapToRegistry   name: 'bcrypt',
12 silly mapToRegistry   rawSpec: '',
12 silly mapToRegistry   spec: 'latest',
12 silly mapToRegistry   type: 'tag' }
13 silly mapToRegistry uri https://registry.npmjs.org/bcrypt
14 verbose request uri https://registry.npmjs.org/bcrypt
15 verbose request no auth needed
16 info attempt registry request try #1 at 05:47:24
17 verbose request id 56327eb1b6b738f1
18 verbose etag "8SLS4MHMJ56XBX9X9PF58BHG8"
19 http request GET https://registry.npmjs.org/bcrypt
20 http 304 https://registry.npmjs.org/bcrypt
21 verbose headers { date: 'Sat, 20 Aug 2016 03:47:27 GMT',
21 verbose headers   via: '1.1 varnish',
21 verbose headers   'cache-control': 'max-age=300',
21 verbose headers   etag: '"8SLS4MHMJ56XBX9X9PF58BHG8"',
21 verbose headers   age: '176',
21 verbose headers   connection: 'keep-alive',
21 verbose headers   'x-served-by': 'cache-iad2142-IAD',
21 verbose headers   'x-cache': 'HIT',
21 verbose headers   'x-cache-hits': '1',
21 verbose headers   'x-timer': 'S1471664847.501853,VS0,VE0',
21 verbose headers   vary: 'Accept-Encoding' }
22 silly get cb [ 304,
22 silly get   { date: 'Sat, 20 Aug 2016 03:47:27 GMT',
22 silly get     via: '1.1 varnish',
22 silly get     'cache-control': 'max-age=300',
22 silly get     etag: '"8SLS4MHMJ56XBX9X9PF58BHG8"',
22 silly get     age: '176',
22 silly get     connection: 'keep-alive',
22 silly get     'x-served-by': 'cache-iad2142-IAD',
22 silly get     'x-cache': 'HIT',
22 silly get     'x-cache-hits': '1',
22 silly get     'x-timer': 'S1471664847.501853,VS0,VE0',
22 silly get     vary: 'Accept-Encoding' } ]
23 verbose etag https://registry.npmjs.org/bcrypt from cache
24 verbose get saving bcrypt to C:\Users\310172618\AppData\Roaming\npm-cache\registry.npmjs.org\bcrypt\.cache.json
25 verbose correctMkdir C:\Users\310172618\AppData\Roaming\npm-cache correctMkdir not in flight; initializing
26 silly install normalizeTree
27 silly loadCurrentTree Finishing
28 silly loadIdealTree Starting
29 silly install loadIdealTree
30 silly cloneCurrentTree Starting
31 silly install cloneCurrentTreeToIdealTree
32 silly cloneCurrentTree Finishing
33 silly loadShrinkwrap Starting
34 silly install loadShrinkwrap
35 silly loadShrinkwrap Finishing
36 silly loadAllDepsIntoIdealTree Starting
37 silly install loadAllDepsIntoIdealTree
38 silly resolveWithNewModule bcrypt@0.8.7 checking installable status
39 silly cache add args [ 'bcrypt', null ]
40 verbose cache add spec bcrypt
41 silly cache add parsed spec Result {
41 silly cache add   raw: 'bcrypt',
41 silly cache add   scope: null,
41 silly cache add   escapedName: 'bcrypt',
41 silly cache add   name: 'bcrypt',
41 silly cache add   rawSpec: '',
41 silly cache add   spec: 'latest',
41 silly cache add   type: 'tag' }
42 silly addNamed bcrypt@latest
43 verbose addNamed "latest" is being treated as a dist-tag for bcrypt
44 info addNameTag [ 'bcrypt', 'latest' ]
45 silly mapToRegistry name bcrypt
46 silly mapToRegistry using default registry
47 silly mapToRegistry registry https://registry.npmjs.org/
48 silly mapToRegistry data Result {
48 silly mapToRegistry   raw: 'bcrypt',
48 silly mapToRegistry   scope: null,
48 silly mapToRegistry   escapedName: 'bcrypt',
48 silly mapToRegistry   name: 'bcrypt',
48 silly mapToRegistry   rawSpec: '',
48 silly mapToRegistry   spec: 'latest',
48 silly mapToRegistry   type: 'tag' }
49 silly mapToRegistry uri https://registry.npmjs.org/bcrypt
50 verbose addNameTag registry:https://registry.npmjs.org/bcrypt not in flight; fetching
51 verbose get https://registry.npmjs.org/bcrypt not expired, no request
52 silly addNameTag next cb for bcrypt with tag latest
53 silly addNamed bcrypt@0.8.7
54 verbose addNamed "0.8.7" is a plain semver version for bcrypt
55 silly cache afterAdd bcrypt@0.8.7
56 verbose afterAdd C:\Users\310172618\AppData\Roaming\npm-cache\bcrypt\0.8.7\package\package.json not in flight; writing
57 verbose correctMkdir C:\Users\310172618\AppData\Roaming\npm-cache correctMkdir not in flight; initializing
58 verbose afterAdd C:\Users\310172618\AppData\Roaming\npm-cache\bcrypt\0.8.7\package\package.json written
59 silly loadAllDepsIntoIdealTree Finishing
60 silly loadIdealTree Finishing
61 silly currentTree museq@1.0.0
61 silly currentTree +-- accepts@1.3.3
61 silly currentTree +-- acorn-globals@1.0.9
61 silly currentTree +-- acorn@2.7.0
61 silly currentTree +-- align-text@0.1.4
61 silly currentTree +-- amdefine@1.0.0
61 silly currentTree +-- array-flatten@1.1.1
61 silly currentTree +-- asap@1.0.0
61 silly currentTree +-- async@0.2.10
61 silly currentTree +-- base64-url@1.3.2
61 silly currentTree +-- base64url@1.0.6
61 silly currentTree +-- bindings@1.2.1
61 silly currentTree +-- bluebird@2.10.2
61 silly currentTree +-- bson@0.5.3
61 silly currentTree +-- buffer-equal-constant-time@1.0.1
61 silly currentTree +-- buffer-shims@1.0.0
61 silly currentTree +-- camelcase-keys@1.0.0
61 silly currentTree +-- camelcase@1.2.1
61 silly currentTree +-- center-align@0.1.3
61 silly currentTree +-- character-parser@1.2.1
61 silly currentTree +-- clean-css@3.4.19
61 silly currentTree | `-- commander@2.8.1
61 silly currentTree +-- cliui@2.1.0
61 silly currentTree | `-- wordwrap@0.0.2
61 silly currentTree +-- commander@2.6.0
61 silly currentTree +-- concat-stream@1.4.10
61 silly currentTree | +-- isarray@0.0.1
61 silly currentTree | `-- readable-stream@1.1.14
61 silly currentTree +-- constantinople@3.0.2
61 silly currentTree +-- content-disposition@0.5.1
61 silly currentTree +-- content-type@1.0.2
61 silly currentTree +-- cookie-signature@1.0.6
61 silly currentTree +-- cookie@0.3.1
61 silly currentTree +-- core-util-is@1.0.2
61 silly currentTree +-- css-parse@1.0.4
61 silly currentTree +-- css-stringify@1.0.5
61 silly currentTree +-- css@1.0.8
61 silly currentTree +-- debug@2.2.0
61 silly currentTree +-- decamelize@1.2.0
61 silly currentTree +-- depd@1.1.0
61 silly currentTree +-- destroy@1.0.4
61 silly currentTree +-- ecdsa-sig-formatter@1.0.7
61 silly currentTree +-- ee-first@1.1.1
61 silly currentTree +-- encodeurl@1.0.1
61 silly currentTree +-- es6-promise@3.2.1
61 silly currentTree +-- escape-html@1.0.3
61 silly currentTree +-- etag@1.7.0
61 silly currentTree +-- express@4.14.0
61 silly currentTree +-- finalhandler@0.5.0
61 silly currentTree +-- forwarded@0.1.0
61 silly currentTree +-- fresh@0.3.0
61 silly currentTree +-- get-stdin@4.0.1
61 silly currentTree +-- graceful-readlink@1.0.1
61 silly currentTree +-- hooks-fixed@1.2.0
61 silly currentTree +-- http-errors@1.5.0
61 silly currentTree +-- indent-string@1.2.2
61 silly currentTree | `-- minimist@1.2.0
61 silly currentTree +-- inherits@2.0.1
61 silly currentTree +-- ipaddr.js@1.1.1
61 silly currentTree +-- is-buffer@1.1.4
61 silly currentTree +-- is-finite@1.0.1
61 silly currentTree +-- is-promise@2.1.0
61 silly currentTree +-- isarray@1.0.0
61 silly currentTree +-- jade@1.11.0
61 silly currentTree +-- jsonwebtoken@5.7.0
61 silly currentTree +-- jstransformer@0.0.2
61 silly currentTree +-- jwa@1.1.3
61 silly currentTree +-- jws@3.1.3
61 silly currentTree +-- jwt-simple@0.5.0
61 silly currentTree +-- kareem@1.1.3
61 silly currentTree +-- kind-of@3.0.4
61 silly currentTree +-- lazy-cache@1.0.4
61 silly currentTree +-- longest@1.0.1
61 silly currentTree +-- map-obj@1.0.1
61 silly currentTree +-- media-typer@0.3.0
61 silly currentTree +-- meow@2.0.0
61 silly currentTree | `-- minimist@1.2.0
61 silly currentTree +-- merge-descriptors@1.0.1
61 silly currentTree +-- methods@1.1.2
61 silly currentTree +-- mime-db@1.23.0
61 silly currentTree +-- mime-types@2.1.11
61 silly currentTree +-- mime@1.3.4
61 silly currentTree +-- minimist@0.0.8
61 silly currentTree +-- mkdirp@0.5.1
61 silly currentTree +-- mongodb-core@2.0.9
61 silly currentTree +-- mongodb@2.2.7
61 silly currentTree +-- mongoose@4.5.9
61 silly currentTree | +-- async@1.5.2
61 silly currentTree | +-- bson@0.4.23
61 silly currentTree | +-- es6-promise@3.0.2
61 silly currentTree | +-- isarray@0.0.1
61 silly currentTree | +-- mongodb-core@1.3.18
61 silly currentTree | +-- mongodb@2.1.18
61 silly currentTree | `-- readable-stream@1.0.31
61 silly currentTree +-- mpath@0.2.1
61 silly currentTree +-- mpromise@0.5.5
61 silly currentTree +-- mquery@1.11.0
61 silly currentTree | `-- sliced@0.0.5
61 silly currentTree +-- ms@0.7.1
61 silly currentTree +-- muri@1.1.0
61 silly currentTree +-- nan@2.3.5
61 silly currentTree +-- negotiator@0.6.1
61 silly currentTree +-- number-is-nan@1.0.0
61 silly currentTree +-- object-assign@1.0.0
61 silly currentTree +-- on-finished@2.3.0
61 silly currentTree +-- optimist@0.3.7
61 silly currentTree +-- parseurl@1.3.1
61 silly currentTree +-- passport-jwt@2.1.0
61 silly currentTree +-- passport-strategy@1.0.0
61 silly currentTree +-- passport@0.3.2
61 silly currentTree +-- path-to-regexp@0.1.7
61 silly currentTree +-- pause@0.0.1
61 silly currentTree +-- process-nextick-args@1.0.7
61 silly currentTree +-- promise@6.1.0
61 silly currentTree +-- proxy-addr@1.1.2
61 silly currentTree +-- qs@6.2.0
61 silly currentTree +-- range-parser@1.2.0
61 silly currentTree +-- readable-stream@2.1.5
61 silly currentTree +-- regexp-clone@0.0.1
61 silly currentTree +-- repeat-string@1.5.4
61 silly currentTree +-- repeating@1.1.3
61 silly currentTree +-- require_optional@1.0.0
61 silly currentTree +-- resolve-from@2.0.0
61 silly currentTree +-- right-align@0.1.3
61 silly currentTree +-- semver@5.3.0
61 silly currentTree +-- send@0.14.1
61 silly currentTree +-- serve-static@1.11.1
61 silly currentTree +-- setprototypeof@1.0.1
61 silly currentTree +-- sliced@1.0.1
61 silly currentTree +-- source-map@0.4.4
61 silly currentTree +-- statuses@1.3.0
61 silly currentTree +-- string_decoder@0.10.31
61 silly currentTree +-- transformers@2.1.0
61 silly currentTree | +-- is-promise@1.0.1
61 silly currentTree | +-- promise@2.0.0
61 silly currentTree | +-- source-map@0.1.43
61 silly currentTree | `-- uglify-js@2.2.5
61 silly currentTree +-- type-is@1.6.13
61 silly currentTree +-- typedarray@0.0.6
61 silly currentTree +-- uglify-js@2.7.3
61 silly currentTree | `-- source-map@0.5.6
61 silly currentTree +-- uglify-to-browserify@1.0.2
61 silly currentTree +-- unpipe@1.0.0
61 silly currentTree +-- util-deprecate@1.0.2
61 silly currentTree +-- utils-merge@1.0.0
61 silly currentTree +-- vary@1.1.0
61 silly currentTree +-- void-elements@2.0.1
61 silly currentTree +-- window-size@0.1.0
61 silly currentTree +-- with@4.0.3
61 silly currentTree | `-- acorn@1.2.2
61 silly currentTree +-- wordwrap@0.0.3
61 silly currentTree +-- xtend@4.0.1
61 silly currentTree `-- yargs@3.10.0
62 silly idealTree museq@1.0.0
62 silly idealTree +-- accepts@1.3.3
62 silly idealTree +-- acorn-globals@1.0.9
62 silly idealTree +-- acorn@2.7.0
62 silly idealTree +-- align-text@0.1.4
62 silly idealTree +-- amdefine@1.0.0
62 silly idealTree +-- array-flatten@1.1.1
62 silly idealTree +-- asap@1.0.0
62 silly idealTree +-- async@0.2.10
62 silly idealTree +-- base64-url@1.3.2
62 silly idealTree +-- base64url@1.0.6
62 silly idealTree +-- bcrypt@0.8.7
62 silly idealTree +-- bindings@1.2.1
62 silly idealTree +-- bluebird@2.10.2
62 silly idealTree +-- bson@0.5.3
62 silly idealTree +-- buffer-equal-constant-time@1.0.1
62 silly idealTree +-- buffer-shims@1.0.0
62 silly idealTree +-- camelcase-keys@1.0.0
62 silly idealTree +-- camelcase@1.2.1
62 silly idealTree +-- center-align@0.1.3
62 silly idealTree +-- character-parser@1.2.1
62 silly idealTree +-- clean-css@3.4.19
62 silly idealTree | `-- commander@2.8.1
62 silly idealTree +-- cliui@2.1.0
62 silly idealTree | `-- wordwrap@0.0.2
62 silly idealTree +-- commander@2.6.0
62 silly idealTree +-- concat-stream@1.4.10
62 silly idealTree | +-- isarray@0.0.1
62 silly idealTree | `-- readable-stream@1.1.14
62 silly idealTree +-- constantinople@3.0.2
62 silly idealTree +-- content-disposition@0.5.1
62 silly idealTree +-- content-type@1.0.2
62 silly idealTree +-- cookie-signature@1.0.6
62 silly idealTree +-- cookie@0.3.1
62 silly idealTree +-- core-util-is@1.0.2
62 silly idealTree +-- css-parse@1.0.4
62 silly idealTree +-- css-stringify@1.0.5
62 silly idealTree +-- css@1.0.8
62 silly idealTree +-- debug@2.2.0
62 silly idealTree +-- decamelize@1.2.0
62 silly idealTree +-- depd@1.1.0
62 silly idealTree +-- destroy@1.0.4
62 silly idealTree +-- ecdsa-sig-formatter@1.0.7
62 silly idealTree +-- ee-first@1.1.1
62 silly idealTree +-- encodeurl@1.0.1
62 silly idealTree +-- es6-promise@3.2.1
62 silly idealTree +-- escape-html@1.0.3
62 silly idealTree +-- etag@1.7.0
62 silly idealTree +-- express@4.14.0
62 silly idealTree +-- finalhandler@0.5.0
62 silly idealTree +-- forwarded@0.1.0
62 silly idealTree +-- fresh@0.3.0
62 silly idealTree +-- get-stdin@4.0.1
62 silly idealTree +-- graceful-readlink@1.0.1
62 silly idealTree +-- hooks-fixed@1.2.0
62 silly idealTree +-- http-errors@1.5.0
62 silly idealTree +-- indent-string@1.2.2
62 silly idealTree | `-- minimist@1.2.0
62 silly idealTree +-- inherits@2.0.1
62 silly idealTree +-- ipaddr.js@1.1.1
62 silly idealTree +-- is-buffer@1.1.4
62 silly idealTree +-- is-finite@1.0.1
62 silly idealTree +-- is-promise@2.1.0
62 silly idealTree +-- isarray@1.0.0
62 silly idealTree +-- jade@1.11.0
62 silly idealTree +-- jsonwebtoken@5.7.0
62 silly idealTree +-- jstransformer@0.0.2
62 silly idealTree +-- jwa@1.1.3
62 silly idealTree +-- jws@3.1.3
62 silly idealTree +-- jwt-simple@0.5.0
62 silly idealTree +-- kareem@1.1.3
62 silly idealTree +-- kind-of@3.0.4
62 silly idealTree +-- lazy-cache@1.0.4
62 silly idealTree +-- longest@1.0.1
62 silly idealTree +-- map-obj@1.0.1
62 silly idealTree +-- media-typer@0.3.0
62 silly idealTree +-- meow@2.0.0
62 silly idealTree | `-- minimist@1.2.0
62 silly idealTree +-- merge-descriptors@1.0.1
62 silly idealTree +-- methods@1.1.2
62 silly idealTree +-- mime-db@1.23.0
62 silly idealTree +-- mime-types@2.1.11
62 silly idealTree +-- mime@1.3.4
62 silly idealTree +-- minimist@0.0.8
62 silly idealTree +-- mkdirp@0.5.1
62 silly idealTree +-- mongodb-core@2.0.9
62 silly idealTree +-- mongodb@2.2.7
62 silly idealTree +-- mongoose@4.5.9
62 silly idealTree | +-- async@1.5.2
62 silly idealTree | +-- bson@0.4.23
62 silly idealTree | +-- es6-promise@3.0.2
62 silly idealTree | +-- isarray@0.0.1
62 silly idealTree | +-- mongodb-core@1.3.18
62 silly idealTree | +-- mongodb@2.1.18
62 silly idealTree | `-- readable-stream@1.0.31
62 silly idealTree +-- mpath@0.2.1
62 silly idealTree +-- mpromise@0.5.5
62 silly idealTree +-- mquery@1.11.0
62 silly idealTree | `-- sliced@0.0.5
62 silly idealTree +-- ms@0.7.1
62 silly idealTree +-- muri@1.1.0
62 silly idealTree +-- nan@2.3.5
62 silly idealTree +-- negotiator@0.6.1
62 silly idealTree +-- number-is-nan@1.0.0
62 silly idealTree +-- object-assign@1.0.0
62 silly idealTree +-- on-finished@2.3.0
62 silly idealTree +-- optimist@0.3.7
62 silly idealTree +-- parseurl@1.3.1
62 silly idealTree +-- passport-jwt@2.1.0
62 silly idealTree +-- passport-strategy@1.0.0
62 silly idealTree +-- passport@0.3.2
62 silly idealTree +-- path-to-regexp@0.1.7
62 silly idealTree +-- pause@0.0.1
62 silly idealTree +-- process-nextick-args@1.0.7
62 silly idealTree +-- promise@6.1.0
62 silly idealTree +-- proxy-addr@1.1.2
62 silly idealTree +-- qs@6.2.0
62 silly idealTree +-- range-parser@1.2.0
62 silly idealTree +-- readable-stream@2.1.5
62 silly idealTree +-- regexp-clone@0.0.1
62 silly idealTree +-- repeat-string@1.5.4
62 silly idealTree +-- repeating@1.1.3
62 silly idealTree +-- require_optional@1.0.0
62 silly idealTree +-- resolve-from@2.0.0
62 silly idealTree +-- right-align@0.1.3
62 silly idealTree +-- semver@5.3.0
62 silly idealTree +-- send@0.14.1
62 silly idealTree +-- serve-static@1.11.1
62 silly idealTree +-- setprototypeof@1.0.1
62 silly idealTree +-- sliced@1.0.1
62 silly idealTree +-- source-map@0.4.4
62 silly idealTree +-- statuses@1.3.0
62 silly idealTree +-- string_decoder@0.10.31
62 silly idealTree +-- transformers@2.1.0
62 silly idealTree | +-- is-promise@1.0.1
62 silly idealTree | +-- promise@2.0.0
62 silly idealTree | +-- source-map@0.1.43
62 silly idealTree | `-- uglify-js@2.2.5
62 silly idealTree +-- type-is@1.6.13
62 silly idealTree +-- typedarray@0.0.6
62 silly idealTree +-- uglify-js@2.7.3
62 silly idealTree | `-- source-map@0.5.6
62 silly idealTree +-- uglify-to-browserify@1.0.2
62 silly idealTree +-- unpipe@1.0.0
62 silly idealTree +-- util-deprecate@1.0.2
62 silly idealTree +-- utils-merge@1.0.0
62 silly idealTree +-- vary@1.1.0
62 silly idealTree +-- void-elements@2.0.1
62 silly idealTree +-- window-size@0.1.0
62 silly idealTree +-- with@4.0.3
62 silly idealTree | `-- acorn@1.2.2
62 silly idealTree +-- wordwrap@0.0.3
62 silly idealTree +-- xtend@4.0.1
62 silly idealTree `-- yargs@3.10.0
63 silly generateActionsToTake Starting
64 silly install generateActionsToTake
65 silly generateActionsToTake Finishing
66 silly diffTrees action count 1
67 silly diffTrees add bcrypt@0.8.7
68 silly decomposeActions action count 8
69 silly decomposeActions fetch bcrypt@0.8.7
70 silly decomposeActions extract bcrypt@0.8.7
71 silly decomposeActions test bcrypt@0.8.7
72 silly decomposeActions preinstall bcrypt@0.8.7
73 silly decomposeActions build bcrypt@0.8.7
74 silly decomposeActions install bcrypt@0.8.7
75 silly decomposeActions postinstall bcrypt@0.8.7
76 silly decomposeActions finalize bcrypt@0.8.7
77 silly executeActions Starting
78 silly install executeActions
79 silly doSerial global-install 0
80 silly doParallel fetch 1
81 verbose correctMkdir C:\Users\310172618\AppData\Roaming\npm-cache\_locks correctMkdir not in flight; initializing
82 verbose lock using C:\Users\310172618\AppData\Roaming\npm-cache\_locks\staging-97a30f6093168c4c.lock for C:\Users\310172618\git\museq\node_modules\.staging
83 silly doParallel extract 1
84 silly extract bcrypt@0.8.7
85 verbose unbuild node_modules\.staging\bcrypt-b2ee01b7
86 silly gentlyRm C:\Users\310172618\git\museq\node_modules\.staging\bcrypt-b2ee01b7 is being purged from base C:\Users\310172618\git\museq
87 verbose gentlyRm don't care about contents; nuking C:\Users\310172618\git\museq\node_modules\.staging\bcrypt-b2ee01b7
88 verbose tar unpack C:\Users\310172618\AppData\Roaming\npm-cache\bcrypt\0.8.7\package.tgz
89 verbose tar unpacking to C:\Users\310172618\git\museq\node_modules\.staging\bcrypt-b2ee01b7
90 silly gentlyRm C:\Users\310172618\git\museq\node_modules\.staging\bcrypt-b2ee01b7 is being purged
91 verbose gentlyRm don't care about contents; nuking C:\Users\310172618\git\museq\node_modules\.staging\bcrypt-b2ee01b7
92 silly gunzTarPerm modes [ '777', '666' ]
93 silly gunzTarPerm extractEntry package.json
94 silly gunzTarPerm modified mode [ 'package.json', 420, 438 ]
95 silly gunzTarPerm extractEntry .npmignore
96 silly gunzTarPerm modified mode [ '.npmignore', 420, 438 ]
97 silly gunzTarPerm extractEntry README.md
98 silly gunzTarPerm modified mode [ 'README.md', 420, 438 ]
99 silly gunzTarPerm extractEntry LICENSE
100 silly gunzTarPerm modified mode [ 'LICENSE', 420, 438 ]
101 silly gunzTarPerm extractEntry bcrypt.js
102 silly gunzTarPerm modified mode [ 'bcrypt.js', 420, 438 ]
103 silly gunzTarPerm extractEntry Makefile
104 silly gunzTarPerm modified mode [ 'Makefile', 420, 438 ]
105 silly gunzTarPerm extractEntry .travis.yml
106 silly gunzTarPerm modified mode [ '.travis.yml', 420, 438 ]
107 silly gunzTarPerm extractEntry CHANGELOG.md
108 silly gunzTarPerm modified mode [ 'CHANGELOG.md', 420, 438 ]
109 silly gunzTarPerm extractEntry binding.gyp
110 silly gunzTarPerm modified mode [ 'binding.gyp', 420, 438 ]
111 silly gunzTarPerm extractEntry examples/async_compare.js
112 silly gunzTarPerm modified mode [ 'examples/async_compare.js', 420, 438 ]
113 silly gunzTarPerm extractEntry examples/forever_gen_salt.js
114 silly gunzTarPerm modified mode [ 'examples/forever_gen_salt.js', 420, 438 ]
115 silly gunzTarPerm extractEntry test/async.js
116 silly gunzTarPerm modified mode [ 'test/async.js', 420, 438 ]
117 silly gunzTarPerm extractEntry test/repetitions.js
118 silly gunzTarPerm modified mode [ 'test/repetitions.js', 420, 438 ]
119 silly gunzTarPerm extractEntry test/sync.js
120 silly gunzTarPerm modified mode [ 'test/sync.js', 420, 438 ]
121 silly gunzTarPerm extractEntry ISSUE_TEMPLATE.md
122 silly gunzTarPerm modified mode [ 'ISSUE_TEMPLATE.md', 420, 438 ]
123 silly gunzTarPerm extractEntry src/bcrypt.cc
124 silly gunzTarPerm modified mode [ 'src/bcrypt.cc', 420, 438 ]
125 silly gunzTarPerm extractEntry src/bcrypt_node.cc
126 silly gunzTarPerm modified mode [ 'src/bcrypt_node.cc', 420, 438 ]
127 silly gunzTarPerm extractEntry src/blowfish.cc
128 silly gunzTarPerm modified mode [ 'src/blowfish.cc', 420, 438 ]
129 silly gunzTarPerm extractEntry src/node_blf.h
130 silly gunzTarPerm modified mode [ 'src/node_blf.h', 420, 438 ]
131 silly gunzTarPerm extractEntry werker.yml
132 silly gunzTarPerm modified mode [ 'werker.yml', 420, 438 ]
133 silly gentlyRm C:\Users\310172618\git\museq\node_modules\.staging\bcrypt-b2ee01b7\node_modules is being purged
134 verbose gentlyRm don't care about contents; nuking C:\Users\310172618\git\museq\node_modules\.staging\bcrypt-b2ee01b7\node_modules
135 silly doParallel preinstall 1
136 silly preinstall bcrypt@0.8.7 C:\Users\310172618\git\museq\node_modules\.staging\bcrypt-b2ee01b7
137 info lifecycle bcrypt@0.8.7~preinstall: bcrypt@0.8.7
138 silly lifecycle bcrypt@0.8.7~preinstall: no script for preinstall, continuing
139 silly doReverseSerial remove 0
140 silly doSerial move 0
141 silly doSerial finalize 1
142 silly finalize C:\Users\310172618\git\museq\node_modules\bcrypt
143 silly doSerial build 1
144 silly build bcrypt@0.8.7
145 info linkStuff bcrypt@0.8.7
146 silly linkStuff bcrypt@0.8.7 has C:\Users\310172618\git\museq\node_modules as its parent node_modules
147 verbose linkBins bcrypt@0.8.7
148 verbose linkMans bcrypt@0.8.7
149 silly doSerial global-link 0
150 silly doParallel update-linked 0
151 silly doSerial install 1
152 silly install bcrypt@0.8.7 C:\Users\310172618\git\museq\node_modules\.staging\bcrypt-b2ee01b7
153 info lifecycle bcrypt@0.8.7~install: bcrypt@0.8.7
154 verbose lifecycle bcrypt@0.8.7~install: unsafe-perm in lifecycle true
155 verbose lifecycle bcrypt@0.8.7~install: PATH: C:\Users\310172618\AppData\Roaming\npm\node_modules\npm\bin\node-gyp-bin;C:\Users\310172618\git\museq\node_modules\bcrypt\node_modules\.bin;C:\Users\310172618\git\museq\node_modules\.bin;C:\ProgramData\Oracle\Java\javapath;C:\Program Files (x86)\Windows Resource Kits\Tools\;C:\Program Files (x86)\NVIDIA Corporation\PhysX\Common;C:\Python27\;C:\Python27\Scripts;C:\Windows\system32;C:\Windows;C:\Windows\System32\Wbem;C:\Windows\System32\WindowsPowerShell\v1.0\;C:\Program Files\MATLAB\R2014b\bin;C:\Program Files (x86)\Windows Kits\8.1\Windows Performance Toolkit\;C:\Program Files\Microsoft SQL Server\110\Tools\Binn\;C:\Program Files\Microsoft Network Monitor 3\;C:\opencv\build\x86\vc12\bin;C:\Program Files (x86)\Toshiba\Bluetooth Toshiba Stack\sys\;C:\Program Files (x86)\Toshiba\Bluetooth Toshiba Stack\sys\x64\;C:\Program Files (x86)\Tesseract-OCR;C:\Program Files (x86)\Skype\Phone\;C:\grails-3.1.1\bin;C:\Program Files (x86)\Calibre2\;C:\Program Files\TortoiseGit\bin;C:\Program Files\Git\cmd;C:\Program Files (x86)\nodejs\;C:\Program Files (x86)\Java\jre7\bin;C:\Users\310172618\AppData\Local\.meteor\; C:\Program Files\MongoDB\Server\3.2\bin;C:\Users\310172618\AppData\Roaming\npm
156 verbose lifecycle bcrypt@0.8.7~install: CWD: C:\Users\310172618\git\museq\node_modules\bcrypt
157 silly lifecycle bcrypt@0.8.7~install: Args: [ '/d /s /c', 'node-gyp rebuild' ]
158 silly lifecycle bcrypt@0.8.7~install: Returned: code: 1  signal: null
159 info lifecycle bcrypt@0.8.7~install: Failed to exec install script
160 verbose unlock done using C:\Users\310172618\AppData\Roaming\npm-cache\_locks\staging-97a30f6093168c4c.lock for C:\Users\310172618\git\museq\node_modules\.staging
161 silly rollbackFailedOptional Starting
162 silly rollbackFailedOptional Finishing
163 silly runTopLevelLifecycles Starting
164 silly runTopLevelLifecycles Finishing
165 silly install printInstalled
166 warn museq@1.0.0 No description
167 warn museq@1.0.0 No repository field.
168 verbose stack Error: bcrypt@0.8.7 install: `node-gyp rebuild`
168 verbose stack Exit status 1
168 verbose stack     at EventEmitter.<anonymous> (C:\Users\310172618\AppData\Roaming\npm\node_modules\npm\lib\utils\lifecycle.js:255:16)
168 verbose stack     at emitTwo (events.js:106:13)
168 verbose stack     at EventEmitter.emit (events.js:191:7)
168 verbose stack     at ChildProcess.<anonymous> (C:\Users\310172618\AppData\Roaming\npm\node_modules\npm\lib\utils\spawn.js:40:14)
168 verbose stack     at emitTwo (events.js:106:13)
168 verbose stack     at ChildProcess.emit (events.js:191:7)
168 verbose stack     at maybeClose (internal/child_process.js:852:16)
168 verbose stack     at Process.ChildProcess._handle.onexit (internal/child_process.js:215:5)
169 verbose pkgid bcrypt@0.8.7
170 verbose cwd C:\Users\310172618\git\museq
171 error Windows_NT 6.1.7601
172 error argv "C:\\Program Files (x86)\\nodejs\\node.exe" "C:\\Users\\310172618\\AppData\\Roaming\\npm\\node_modules\\npm\\bin\\npm-cli.js" "install" "bcrypt"
173 error node v6.4.0
174 error npm  v3.10.6
175 error code ELIFECYCLE
176 error bcrypt@0.8.7 install: `node-gyp rebuild`
176 error Exit status 1
177 error Failed at the bcrypt@0.8.7 install script 'node-gyp rebuild'.
177 error Make sure you have the latest version of node.js and npm installed.
177 error If you do, this is most likely a problem with the bcrypt package,
177 error not with npm itself.
177 error Tell the author that this fails on your system:
177 error     node-gyp rebuild
177 error You can get information on how to open an issue for this project with:
177 error     npm bugs bcrypt
177 error Or if that isn't available, you can get their info via:
177 error     npm owner ls bcrypt
177 error There is likely additional logging output above.
178 verbose exit [ 1, true ]
